<?xml version="1.0" encoding="UTF-8"?>
<robot generator="Robot 6.1.1 (Python 3.10.12 on linux)" generated="20231120 23:08:33.615" rpa="false" schemaversion="4">
<suite id="s1" name="Register" source="/home/mseppi/palautusrepositorio/viikko3/web-login/src/tests/register.robot">
<kw name="Open And Configure Browser" library="resource" type="SETUP">
<kw name="Evaluate" library="BuiltIn">
<var>${options}</var>
<arg>sys.modules['selenium.webdriver'].ChromeOptions()</arg>
<arg>sys</arg>
<doc>Evaluates the given expression in Python and returns the result.</doc>
<msg timestamp="20231120 23:08:33.751" level="INFO">${options} = &lt;selenium.webdriver.chrome.options.Options object at 0x7fc02ab88550&gt;</msg>
<status status="PASS" starttime="20231120 23:08:33.751" endtime="20231120 23:08:33.751"/>
</kw>
<kw name="Call Method" library="BuiltIn">
<arg>${options}</arg>
<arg>add_argument</arg>
<arg>--no-sandbox</arg>
<doc>Calls the named method of the given object with the provided arguments.</doc>
<status status="PASS" starttime="20231120 23:08:33.751" endtime="20231120 23:08:33.751"/>
</kw>
<kw name="Call Method" library="BuiltIn">
<arg>${options}</arg>
<arg>add_argument</arg>
<arg>--headless</arg>
<doc>Calls the named method of the given object with the provided arguments.</doc>
<status status="PASS" starttime="20231120 23:08:33.751" endtime="20231120 23:08:33.751"/>
</kw>
<kw name="Open Browser" library="SeleniumLibrary">
<arg>browser=chrome</arg>
<arg>options=${options}</arg>
<doc>Opens a new browser instance to the optional ``url``.</doc>
<msg timestamp="20231120 23:08:33.752" level="INFO">Opening browser 'chrome' to base url 'None'.</msg>
<status status="PASS" starttime="20231120 23:08:33.751" endtime="20231120 23:08:34.519"/>
</kw>
<kw name="Set Selenium Speed" library="SeleniumLibrary">
<arg>${DELAY}</arg>
<doc>Sets the delay that is waited after each Selenium command.</doc>
<status status="PASS" starttime="20231120 23:08:34.519" endtime="20231120 23:08:34.519"/>
</kw>
<status status="PASS" starttime="20231120 23:08:33.750" endtime="20231120 23:08:34.519"/>
</kw>
<test id="s1-t1" name="Register With Valid Username And Password" line="8">
<kw name="Go To Register Page" library="resource" type="SETUP">
<kw name="Go To" library="SeleniumLibrary">
<arg>${REGISTER_URL}</arg>
<doc>Navigates the current browser window to the provided ``url``.</doc>
<msg timestamp="20231120 23:08:34.520" level="INFO">Opening url 'http://localhost:5001/register'</msg>
<status status="PASS" starttime="20231120 23:08:34.520" endtime="20231120 23:08:34.554"/>
</kw>
<status status="PASS" starttime="20231120 23:08:34.520" endtime="20231120 23:08:34.554"/>
</kw>
<kw name="Set Username">
<arg>kallemoi</arg>
<kw name="Input Text" library="SeleniumLibrary">
<arg>username</arg>
<arg>${username}</arg>
<doc>Types the given ``text`` into the text field identified by ``locator``.</doc>
<msg timestamp="20231120 23:08:34.556" level="INFO">Typing text 'kallemoi' into text field 'username'.</msg>
<status status="PASS" starttime="20231120 23:08:34.555" endtime="20231120 23:08:34.623"/>
</kw>
<status status="PASS" starttime="20231120 23:08:34.555" endtime="20231120 23:08:34.624"/>
</kw>
<kw name="Set Password">
<arg>kalle123</arg>
<kw name="Input Text" library="SeleniumLibrary">
<arg>password</arg>
<arg>${password}</arg>
<doc>Types the given ``text`` into the text field identified by ``locator``.</doc>
<msg timestamp="20231120 23:08:34.625" level="INFO">Typing text 'kalle123' into text field 'password'.</msg>
<status status="PASS" starttime="20231120 23:08:34.624" endtime="20231120 23:08:34.671"/>
</kw>
<status status="PASS" starttime="20231120 23:08:34.624" endtime="20231120 23:08:34.672"/>
</kw>
<kw name="Set Password Confirmation">
<arg>kalle123</arg>
<kw name="Input Text" library="SeleniumLibrary">
<arg>password_confirmation</arg>
<arg>${password}</arg>
<doc>Types the given ``text`` into the text field identified by ``locator``.</doc>
<msg timestamp="20231120 23:08:34.673" level="INFO">Typing text 'kalle123' into text field 'password_confirmation'.</msg>
<status status="PASS" starttime="20231120 23:08:34.672" endtime="20231120 23:08:34.718"/>
</kw>
<status status="PASS" starttime="20231120 23:08:34.672" endtime="20231120 23:08:34.718"/>
</kw>
<kw name="Submit Credentials">
<kw name="Click Button" library="SeleniumLibrary">
<arg>Register</arg>
<doc>Clicks the button identified by ``locator``.</doc>
<msg timestamp="20231120 23:08:34.719" level="INFO">Clicking button 'Register'.</msg>
<status status="PASS" starttime="20231120 23:08:34.719" endtime="20231120 23:08:34.770"/>
</kw>
<status status="PASS" starttime="20231120 23:08:34.718" endtime="20231120 23:08:34.770"/>
</kw>
<kw name="Register Should Succeed">
<kw name="Welcome Page Should Be Open" library="resource">
<kw name="Title Should Be" library="SeleniumLibrary">
<arg>Welcome to Ohtu Application!</arg>
<doc>Verifies that the current page title equals ``title``.</doc>
<msg timestamp="20231120 23:08:34.773" level="INFO">Page title is 'Welcome to Ohtu Application!'.</msg>
<status status="PASS" starttime="20231120 23:08:34.770" endtime="20231120 23:08:34.773"/>
</kw>
<status status="PASS" starttime="20231120 23:08:34.770" endtime="20231120 23:08:34.774"/>
</kw>
<status status="PASS" starttime="20231120 23:08:34.770" endtime="20231120 23:08:34.774"/>
</kw>
<status status="PASS" starttime="20231120 23:08:34.519" endtime="20231120 23:08:34.774"/>
</test>
<test id="s1-t2" name="Register With Too Short Username And Valid Password" line="15">
<kw name="Go To Register Page" library="resource" type="SETUP">
<kw name="Go To" library="SeleniumLibrary">
<arg>${REGISTER_URL}</arg>
<doc>Navigates the current browser window to the provided ``url``.</doc>
<msg timestamp="20231120 23:08:34.775" level="INFO">Opening url 'http://localhost:5001/register'</msg>
<status status="PASS" starttime="20231120 23:08:34.775" endtime="20231120 23:08:34.784"/>
</kw>
<status status="PASS" starttime="20231120 23:08:34.774" endtime="20231120 23:08:34.784"/>
</kw>
<kw name="Set Username">
<arg>ka</arg>
<kw name="Input Text" library="SeleniumLibrary">
<arg>username</arg>
<arg>${username}</arg>
<doc>Types the given ``text`` into the text field identified by ``locator``.</doc>
<msg timestamp="20231120 23:08:34.785" level="INFO">Typing text 'ka' into text field 'username'.</msg>
<status status="PASS" starttime="20231120 23:08:34.785" endtime="20231120 23:08:34.828"/>
</kw>
<status status="PASS" starttime="20231120 23:08:34.785" endtime="20231120 23:08:34.828"/>
</kw>
<kw name="Set Password">
<arg>kalle123</arg>
<kw name="Input Text" library="SeleniumLibrary">
<arg>password</arg>
<arg>${password}</arg>
<doc>Types the given ``text`` into the text field identified by ``locator``.</doc>
<msg timestamp="20231120 23:08:34.829" level="INFO">Typing text 'kalle123' into text field 'password'.</msg>
<status status="PASS" starttime="20231120 23:08:34.828" endtime="20231120 23:08:34.874"/>
</kw>
<status status="PASS" starttime="20231120 23:08:34.828" endtime="20231120 23:08:34.874"/>
</kw>
<kw name="Set Password Confirmation">
<arg>kalle123</arg>
<kw name="Input Text" library="SeleniumLibrary">
<arg>password_confirmation</arg>
<arg>${password}</arg>
<doc>Types the given ``text`` into the text field identified by ``locator``.</doc>
<msg timestamp="20231120 23:08:34.875" level="INFO">Typing text 'kalle123' into text field 'password_confirmation'.</msg>
<status status="PASS" starttime="20231120 23:08:34.874" endtime="20231120 23:08:34.917"/>
</kw>
<status status="PASS" starttime="20231120 23:08:34.874" endtime="20231120 23:08:34.917"/>
</kw>
<kw name="Submit Credentials">
<kw name="Click Button" library="SeleniumLibrary">
<arg>Register</arg>
<doc>Clicks the button identified by ``locator``.</doc>
<msg timestamp="20231120 23:08:34.918" level="INFO">Clicking button 'Register'.</msg>
<status status="PASS" starttime="20231120 23:08:34.918" endtime="20231120 23:08:34.956"/>
</kw>
<status status="PASS" starttime="20231120 23:08:34.917" endtime="20231120 23:08:34.956"/>
</kw>
<kw name="Register Should Fail With message">
<arg>Username is too short</arg>
<kw name="Register Page Should Be Open" library="resource">
<kw name="Title Should Be" library="SeleniumLibrary">
<arg>Register</arg>
<doc>Verifies that the current page title equals ``title``.</doc>
<msg timestamp="20231120 23:08:34.960" level="INFO">Page title is 'Register'.</msg>
<status status="PASS" starttime="20231120 23:08:34.957" endtime="20231120 23:08:34.960"/>
</kw>
<status status="PASS" starttime="20231120 23:08:34.956" endtime="20231120 23:08:34.960"/>
</kw>
<kw name="Page Should Contain" library="SeleniumLibrary">
<arg>${message}</arg>
<doc>Verifies that current page contains ``text``.</doc>
<msg timestamp="20231120 23:08:34.971" level="INFO">Current page contains text 'Username is too short'.</msg>
<status status="PASS" starttime="20231120 23:08:34.960" endtime="20231120 23:08:34.971"/>
</kw>
<status status="PASS" starttime="20231120 23:08:34.956" endtime="20231120 23:08:34.971"/>
</kw>
<status status="PASS" starttime="20231120 23:08:34.774" endtime="20231120 23:08:34.972"/>
</test>
<test id="s1-t3" name="Register With Valid Username And Invalid Password" line="22">
<kw name="Go To Register Page" library="resource" type="SETUP">
<kw name="Go To" library="SeleniumLibrary">
<arg>${REGISTER_URL}</arg>
<doc>Navigates the current browser window to the provided ``url``.</doc>
<msg timestamp="20231120 23:08:34.973" level="INFO">Opening url 'http://localhost:5001/register'</msg>
<status status="PASS" starttime="20231120 23:08:34.973" endtime="20231120 23:08:34.982"/>
</kw>
<status status="PASS" starttime="20231120 23:08:34.973" endtime="20231120 23:08:34.982"/>
</kw>
<kw name="Set Username">
<arg>kalle</arg>
<kw name="Input Text" library="SeleniumLibrary">
<arg>username</arg>
<arg>${username}</arg>
<doc>Types the given ``text`` into the text field identified by ``locator``.</doc>
<msg timestamp="20231120 23:08:34.983" level="INFO">Typing text 'kalle' into text field 'username'.</msg>
<status status="PASS" starttime="20231120 23:08:34.983" endtime="20231120 23:08:35.027"/>
</kw>
<status status="PASS" starttime="20231120 23:08:34.983" endtime="20231120 23:08:35.027"/>
</kw>
<kw name="Set Password">
<arg>kalle</arg>
<kw name="Input Text" library="SeleniumLibrary">
<arg>password</arg>
<arg>${password}</arg>
<doc>Types the given ``text`` into the text field identified by ``locator``.</doc>
<msg timestamp="20231120 23:08:35.028" level="INFO">Typing text 'kalle' into text field 'password'.</msg>
<status status="PASS" starttime="20231120 23:08:35.028" endtime="20231120 23:08:35.071"/>
</kw>
<status status="PASS" starttime="20231120 23:08:35.027" endtime="20231120 23:08:35.071"/>
</kw>
<kw name="Set Password Confirmation">
<arg>kalle</arg>
<kw name="Input Text" library="SeleniumLibrary">
<arg>password_confirmation</arg>
<arg>${password}</arg>
<doc>Types the given ``text`` into the text field identified by ``locator``.</doc>
<msg timestamp="20231120 23:08:35.072" level="INFO">Typing text 'kalle' into text field 'password_confirmation'.</msg>
<status status="PASS" starttime="20231120 23:08:35.071" endtime="20231120 23:08:35.114"/>
</kw>
<status status="PASS" starttime="20231120 23:08:35.071" endtime="20231120 23:08:35.114"/>
</kw>
<kw name="Submit Credentials">
<kw name="Click Button" library="SeleniumLibrary">
<arg>Register</arg>
<doc>Clicks the button identified by ``locator``.</doc>
<msg timestamp="20231120 23:08:35.115" level="INFO">Clicking button 'Register'.</msg>
<status status="PASS" starttime="20231120 23:08:35.115" endtime="20231120 23:08:35.153"/>
</kw>
<status status="PASS" starttime="20231120 23:08:35.114" endtime="20231120 23:08:35.153"/>
</kw>
<kw name="Register Should Fail With message">
<arg>Invalid password</arg>
<kw name="Register Page Should Be Open" library="resource">
<kw name="Title Should Be" library="SeleniumLibrary">
<arg>Register</arg>
<doc>Verifies that the current page title equals ``title``.</doc>
<msg timestamp="20231120 23:08:35.156" level="INFO">Page title is 'Register'.</msg>
<status status="PASS" starttime="20231120 23:08:35.153" endtime="20231120 23:08:35.156"/>
</kw>
<status status="PASS" starttime="20231120 23:08:35.153" endtime="20231120 23:08:35.156"/>
</kw>
<kw name="Page Should Contain" library="SeleniumLibrary">
<arg>${message}</arg>
<doc>Verifies that current page contains ``text``.</doc>
<msg timestamp="20231120 23:08:35.167" level="INFO">Current page contains text 'Invalid password'.</msg>
<status status="PASS" starttime="20231120 23:08:35.156" endtime="20231120 23:08:35.167"/>
</kw>
<status status="PASS" starttime="20231120 23:08:35.153" endtime="20231120 23:08:35.167"/>
</kw>
<status status="PASS" starttime="20231120 23:08:34.972" endtime="20231120 23:08:35.167"/>
</test>
<test id="s1-t4" name="Register With Nonmatching Password And Password Confirmation" line="29">
<kw name="Go To Register Page" library="resource" type="SETUP">
<kw name="Go To" library="SeleniumLibrary">
<arg>${REGISTER_URL}</arg>
<doc>Navigates the current browser window to the provided ``url``.</doc>
<msg timestamp="20231120 23:08:35.169" level="INFO">Opening url 'http://localhost:5001/register'</msg>
<status status="PASS" starttime="20231120 23:08:35.168" endtime="20231120 23:08:35.179"/>
</kw>
<status status="PASS" starttime="20231120 23:08:35.168" endtime="20231120 23:08:35.179"/>
</kw>
<kw name="Set Username">
<arg>kallel</arg>
<kw name="Input Text" library="SeleniumLibrary">
<arg>username</arg>
<arg>${username}</arg>
<doc>Types the given ``text`` into the text field identified by ``locator``.</doc>
<msg timestamp="20231120 23:08:35.180" level="INFO">Typing text 'kallel' into text field 'username'.</msg>
<status status="PASS" starttime="20231120 23:08:35.180" endtime="20231120 23:08:35.225"/>
</kw>
<status status="PASS" starttime="20231120 23:08:35.179" endtime="20231120 23:08:35.225"/>
</kw>
<kw name="Set Password">
<arg>kalle123</arg>
<kw name="Input Text" library="SeleniumLibrary">
<arg>password</arg>
<arg>${password}</arg>
<doc>Types the given ``text`` into the text field identified by ``locator``.</doc>
<msg timestamp="20231120 23:08:35.226" level="INFO">Typing text 'kalle123' into text field 'password'.</msg>
<status status="PASS" starttime="20231120 23:08:35.226" endtime="20231120 23:08:35.269"/>
</kw>
<status status="PASS" starttime="20231120 23:08:35.225" endtime="20231120 23:08:35.269"/>
</kw>
<kw name="Set Password Confirmation">
<arg>kalle321</arg>
<kw name="Input Text" library="SeleniumLibrary">
<arg>password_confirmation</arg>
<arg>${password}</arg>
<doc>Types the given ``text`` into the text field identified by ``locator``.</doc>
<msg timestamp="20231120 23:08:35.270" level="INFO">Typing text 'kalle321' into text field 'password_confirmation'.</msg>
<status status="PASS" starttime="20231120 23:08:35.270" endtime="20231120 23:08:35.314"/>
</kw>
<status status="PASS" starttime="20231120 23:08:35.270" endtime="20231120 23:08:35.314"/>
</kw>
<kw name="Submit Credentials">
<kw name="Click Button" library="SeleniumLibrary">
<arg>Register</arg>
<doc>Clicks the button identified by ``locator``.</doc>
<msg timestamp="20231120 23:08:35.315" level="INFO">Clicking button 'Register'.</msg>
<status status="PASS" starttime="20231120 23:08:35.315" endtime="20231120 23:08:35.352"/>
</kw>
<status status="PASS" starttime="20231120 23:08:35.314" endtime="20231120 23:08:35.353"/>
</kw>
<kw name="Register Should Fail With message">
<arg>Passwords do not match</arg>
<kw name="Register Page Should Be Open" library="resource">
<kw name="Title Should Be" library="SeleniumLibrary">
<arg>Register</arg>
<doc>Verifies that the current page title equals ``title``.</doc>
<msg timestamp="20231120 23:08:35.356" level="INFO">Page title is 'Register'.</msg>
<status status="PASS" starttime="20231120 23:08:35.353" endtime="20231120 23:08:35.356"/>
</kw>
<status status="PASS" starttime="20231120 23:08:35.353" endtime="20231120 23:08:35.356"/>
</kw>
<kw name="Page Should Contain" library="SeleniumLibrary">
<arg>${message}</arg>
<doc>Verifies that current page contains ``text``.</doc>
<msg timestamp="20231120 23:08:35.367" level="INFO">Current page contains text 'Passwords do not match'.</msg>
<status status="PASS" starttime="20231120 23:08:35.357" endtime="20231120 23:08:35.367"/>
</kw>
<status status="PASS" starttime="20231120 23:08:35.353" endtime="20231120 23:08:35.367"/>
</kw>
<status status="PASS" starttime="20231120 23:08:35.168" endtime="20231120 23:08:35.367"/>
</test>
<test id="s1-t5" name="Login after succesfull registration" line="36">
<kw name="Go To Register Page" library="resource" type="SETUP">
<kw name="Go To" library="SeleniumLibrary">
<arg>${REGISTER_URL}</arg>
<doc>Navigates the current browser window to the provided ``url``.</doc>
<msg timestamp="20231120 23:08:35.369" level="INFO">Opening url 'http://localhost:5001/register'</msg>
<status status="PASS" starttime="20231120 23:08:35.368" endtime="20231120 23:08:35.379"/>
</kw>
<status status="PASS" starttime="20231120 23:08:35.368" endtime="20231120 23:08:35.379"/>
</kw>
<kw name="Set Username">
<arg>kallesss</arg>
<kw name="Input Text" library="SeleniumLibrary">
<arg>username</arg>
<arg>${username}</arg>
<doc>Types the given ``text`` into the text field identified by ``locator``.</doc>
<msg timestamp="20231120 23:08:35.380" level="INFO">Typing text 'kallesss' into text field 'username'.</msg>
<status status="PASS" starttime="20231120 23:08:35.379" endtime="20231120 23:08:35.424"/>
</kw>
<status status="PASS" starttime="20231120 23:08:35.379" endtime="20231120 23:08:35.424"/>
</kw>
<kw name="Set Password">
<arg>kalle123</arg>
<kw name="Input Text" library="SeleniumLibrary">
<arg>password</arg>
<arg>${password}</arg>
<doc>Types the given ``text`` into the text field identified by ``locator``.</doc>
<msg timestamp="20231120 23:08:35.425" level="INFO">Typing text 'kalle123' into text field 'password'.</msg>
<status status="PASS" starttime="20231120 23:08:35.425" endtime="20231120 23:08:35.469"/>
</kw>
<status status="PASS" starttime="20231120 23:08:35.425" endtime="20231120 23:08:35.469"/>
</kw>
<kw name="Set Password Confirmation">
<arg>kalle123</arg>
<kw name="Input Text" library="SeleniumLibrary">
<arg>password_confirmation</arg>
<arg>${password}</arg>
<doc>Types the given ``text`` into the text field identified by ``locator``.</doc>
<msg timestamp="20231120 23:08:35.470" level="INFO">Typing text 'kalle123' into text field 'password_confirmation'.</msg>
<status status="PASS" starttime="20231120 23:08:35.470" endtime="20231120 23:08:35.515"/>
</kw>
<status status="PASS" starttime="20231120 23:08:35.470" endtime="20231120 23:08:35.515"/>
</kw>
<kw name="Submit Credentials">
<kw name="Click Button" library="SeleniumLibrary">
<arg>Register</arg>
<doc>Clicks the button identified by ``locator``.</doc>
<msg timestamp="20231120 23:08:35.516" level="INFO">Clicking button 'Register'.</msg>
<status status="PASS" starttime="20231120 23:08:35.515" endtime="20231120 23:08:35.553"/>
</kw>
<status status="PASS" starttime="20231120 23:08:35.515" endtime="20231120 23:08:35.553"/>
</kw>
<kw name="Go To Login Page" library="resource">
<kw name="Go To" library="SeleniumLibrary">
<arg>${LOGIN_URL}</arg>
<doc>Navigates the current browser window to the provided ``url``.</doc>
<msg timestamp="20231120 23:08:35.554" level="INFO">Opening url 'http://localhost:5001/login'</msg>
<status status="PASS" starttime="20231120 23:08:35.554" endtime="20231120 23:08:35.563"/>
</kw>
<status status="PASS" starttime="20231120 23:08:35.553" endtime="20231120 23:08:35.564"/>
</kw>
<kw name="Set Username">
<arg>kallesss</arg>
<kw name="Input Text" library="SeleniumLibrary">
<arg>username</arg>
<arg>${username}</arg>
<doc>Types the given ``text`` into the text field identified by ``locator``.</doc>
<msg timestamp="20231120 23:08:35.565" level="INFO">Typing text 'kallesss' into text field 'username'.</msg>
<status status="PASS" starttime="20231120 23:08:35.564" endtime="20231120 23:08:35.608"/>
</kw>
<status status="PASS" starttime="20231120 23:08:35.564" endtime="20231120 23:08:35.609"/>
</kw>
<kw name="Set Password">
<arg>kalle123</arg>
<kw name="Input Text" library="SeleniumLibrary">
<arg>password</arg>
<arg>${password}</arg>
<doc>Types the given ``text`` into the text field identified by ``locator``.</doc>
<msg timestamp="20231120 23:08:35.610" level="INFO">Typing text 'kalle123' into text field 'password'.</msg>
<status status="PASS" starttime="20231120 23:08:35.609" endtime="20231120 23:08:35.652"/>
</kw>
<status status="PASS" starttime="20231120 23:08:35.609" endtime="20231120 23:08:35.653"/>
</kw>
<kw name="Submit Credentials Login">
<kw name="Click Button" library="SeleniumLibrary">
<arg>Login</arg>
<doc>Clicks the button identified by ``locator``.</doc>
<msg timestamp="20231120 23:08:35.653" level="INFO">Clicking button 'Login'.</msg>
<status status="PASS" starttime="20231120 23:08:35.653" endtime="20231120 23:08:35.701"/>
</kw>
<status status="PASS" starttime="20231120 23:08:35.653" endtime="20231120 23:08:35.701"/>
</kw>
<kw name="Main Page Should Be Open" library="resource">
<kw name="Title Should Be" library="SeleniumLibrary">
<arg>Ohtu Application main page</arg>
<doc>Verifies that the current page title equals ``title``.</doc>
<msg timestamp="20231120 23:08:35.704" level="INFO">Page title is 'Ohtu Application main page'.</msg>
<status status="PASS" starttime="20231120 23:08:35.702" endtime="20231120 23:08:35.704"/>
</kw>
<status status="PASS" starttime="20231120 23:08:35.701" endtime="20231120 23:08:35.705"/>
</kw>
<status status="PASS" starttime="20231120 23:08:35.368" endtime="20231120 23:08:35.705"/>
</test>
<test id="s1-t6" name="Login after failed registration" line="47">
<kw name="Go To Register Page" library="resource" type="SETUP">
<kw name="Go To" library="SeleniumLibrary">
<arg>${REGISTER_URL}</arg>
<doc>Navigates the current browser window to the provided ``url``.</doc>
<msg timestamp="20231120 23:08:35.706" level="INFO">Opening url 'http://localhost:5001/register'</msg>
<status status="PASS" starttime="20231120 23:08:35.706" endtime="20231120 23:08:35.715"/>
</kw>
<status status="PASS" starttime="20231120 23:08:35.705" endtime="20231120 23:08:35.715"/>
</kw>
<kw name="Set Username">
<arg>kalleright</arg>
<kw name="Input Text" library="SeleniumLibrary">
<arg>username</arg>
<arg>${username}</arg>
<doc>Types the given ``text`` into the text field identified by ``locator``.</doc>
<msg timestamp="20231120 23:08:35.716" level="INFO">Typing text 'kalleright' into text field 'username'.</msg>
<status status="PASS" starttime="20231120 23:08:35.716" endtime="20231120 23:08:35.761"/>
</kw>
<status status="PASS" starttime="20231120 23:08:35.716" endtime="20231120 23:08:35.761"/>
</kw>
<kw name="Set Password">
<arg>kalle123</arg>
<kw name="Input Text" library="SeleniumLibrary">
<arg>password</arg>
<arg>${password}</arg>
<doc>Types the given ``text`` into the text field identified by ``locator``.</doc>
<msg timestamp="20231120 23:08:35.763" level="INFO">Typing text 'kalle123' into text field 'password'.</msg>
<status status="PASS" starttime="20231120 23:08:35.762" endtime="20231120 23:08:35.806"/>
</kw>
<status status="PASS" starttime="20231120 23:08:35.762" endtime="20231120 23:08:35.806"/>
</kw>
<kw name="Set Password Confirmation">
<arg>kalle123</arg>
<kw name="Input Text" library="SeleniumLibrary">
<arg>password_confirmation</arg>
<arg>${password}</arg>
<doc>Types the given ``text`` into the text field identified by ``locator``.</doc>
<msg timestamp="20231120 23:08:35.807" level="INFO">Typing text 'kalle123' into text field 'password_confirmation'.</msg>
<status status="PASS" starttime="20231120 23:08:35.806" endtime="20231120 23:08:35.849"/>
</kw>
<status status="PASS" starttime="20231120 23:08:35.806" endtime="20231120 23:08:35.850"/>
</kw>
<kw name="Submit Credentials">
<kw name="Click Button" library="SeleniumLibrary">
<arg>Register</arg>
<doc>Clicks the button identified by ``locator``.</doc>
<msg timestamp="20231120 23:08:35.850" level="INFO">Clicking button 'Register'.</msg>
<status status="PASS" starttime="20231120 23:08:35.850" endtime="20231120 23:08:35.889"/>
</kw>
<status status="PASS" starttime="20231120 23:08:35.850" endtime="20231120 23:08:35.889"/>
</kw>
<kw name="Go To Login Page" library="resource">
<kw name="Go To" library="SeleniumLibrary">
<arg>${LOGIN_URL}</arg>
<doc>Navigates the current browser window to the provided ``url``.</doc>
<msg timestamp="20231120 23:08:35.890" level="INFO">Opening url 'http://localhost:5001/login'</msg>
<status status="PASS" starttime="20231120 23:08:35.890" endtime="20231120 23:08:35.900"/>
</kw>
<status status="PASS" starttime="20231120 23:08:35.889" endtime="20231120 23:08:35.901"/>
</kw>
<kw name="Set Username">
<arg>kallewrong</arg>
<kw name="Input Text" library="SeleniumLibrary">
<arg>username</arg>
<arg>${username}</arg>
<doc>Types the given ``text`` into the text field identified by ``locator``.</doc>
<msg timestamp="20231120 23:08:35.902" level="INFO">Typing text 'kallewrong' into text field 'username'.</msg>
<status status="PASS" starttime="20231120 23:08:35.901" endtime="20231120 23:08:35.948"/>
</kw>
<status status="PASS" starttime="20231120 23:08:35.901" endtime="20231120 23:08:35.948"/>
</kw>
<kw name="Set Password">
<arg>kalle123</arg>
<kw name="Input Text" library="SeleniumLibrary">
<arg>password</arg>
<arg>${password}</arg>
<doc>Types the given ``text`` into the text field identified by ``locator``.</doc>
<msg timestamp="20231120 23:08:35.949" level="INFO">Typing text 'kalle123' into text field 'password'.</msg>
<status status="PASS" starttime="20231120 23:08:35.948" endtime="20231120 23:08:35.993"/>
</kw>
<status status="PASS" starttime="20231120 23:08:35.948" endtime="20231120 23:08:35.993"/>
</kw>
<kw name="Submit Credentials Login">
<kw name="Click Button" library="SeleniumLibrary">
<arg>Login</arg>
<doc>Clicks the button identified by ``locator``.</doc>
<msg timestamp="20231120 23:08:35.994" level="INFO">Clicking button 'Login'.</msg>
<status status="PASS" starttime="20231120 23:08:35.994" endtime="20231120 23:08:36.032"/>
</kw>
<status status="PASS" starttime="20231120 23:08:35.994" endtime="20231120 23:08:36.032"/>
</kw>
<kw name="Login Page Should Be Open" library="resource">
<kw name="Title Should Be" library="SeleniumLibrary">
<arg>Login</arg>
<doc>Verifies that the current page title equals ``title``.</doc>
<msg timestamp="20231120 23:08:36.036" level="INFO">Page title is 'Login'.</msg>
<status status="PASS" starttime="20231120 23:08:36.033" endtime="20231120 23:08:36.036"/>
</kw>
<status status="PASS" starttime="20231120 23:08:36.033" endtime="20231120 23:08:36.036"/>
</kw>
<status status="PASS" starttime="20231120 23:08:35.705" endtime="20231120 23:08:36.036"/>
</test>
<kw name="Close Browser" library="SeleniumLibrary" type="TEARDOWN">
<doc>Closes the current browser.</doc>
<status status="PASS" starttime="20231120 23:08:36.037" endtime="20231120 23:08:36.095"/>
</kw>
<status status="PASS" starttime="20231120 23:08:33.615" endtime="20231120 23:08:36.095"/>
</suite>
<statistics>
<total>
<stat pass="6" fail="0" skip="0">All Tests</stat>
</total>
<tag>
</tag>
<suite>
<stat pass="6" fail="0" skip="0" id="s1" name="Register">Register</stat>
</suite>
</statistics>
<errors>
</errors>
</robot>
