<?xml version="1.0" encoding="UTF-8"?>
<robot generator="Robot 6.1.1 (Python 3.10.6 on linux)" generated="20231120 20:47:04.334" rpa="false" schemaversion="4">
<suite id="s1" name="Tests" source="/home/mseppi/palautusrepositorio/viikko3/login-robot/src/tests">
<suite id="s1-s1" name="Login" source="/home/mseppi/palautusrepositorio/viikko3/login-robot/src/tests/login.robot">
<test id="s1-s1-t1" name="Login With Correct Credentials" line="6">
<kw name="Create User And Input Login Command" type="SETUP">
<kw name="Create User" library="AppLibrary">
<arg>kalle</arg>
<arg>kalle123</arg>
<status status="PASS" starttime="20231120 20:47:04.363" endtime="20231120 20:47:04.364"/>
</kw>
<kw name="Input Login Command" library="resource">
<kw name="Input" library="AppLibrary">
<arg>login</arg>
<status status="PASS" starttime="20231120 20:47:04.364" endtime="20231120 20:47:04.364"/>
</kw>
<status status="PASS" starttime="20231120 20:47:04.364" endtime="20231120 20:47:04.364"/>
</kw>
<status status="PASS" starttime="20231120 20:47:04.363" endtime="20231120 20:47:04.364"/>
</kw>
<kw name="Input Credentials" library="resource">
<arg>kalle</arg>
<arg>kalle123</arg>
<kw name="Input" library="AppLibrary">
<arg>${username}</arg>
<status status="PASS" starttime="20231120 20:47:04.364" endtime="20231120 20:47:04.365"/>
</kw>
<kw name="Input" library="AppLibrary">
<arg>${password}</arg>
<status status="PASS" starttime="20231120 20:47:04.365" endtime="20231120 20:47:04.365"/>
</kw>
<kw name="Run Application" library="AppLibrary">
<status status="PASS" starttime="20231120 20:47:04.365" endtime="20231120 20:47:04.365"/>
</kw>
<status status="PASS" starttime="20231120 20:47:04.364" endtime="20231120 20:47:04.365"/>
</kw>
<kw name="Output Should Contain" library="AppLibrary">
<arg>Logged in</arg>
<status status="PASS" starttime="20231120 20:47:04.365" endtime="20231120 20:47:04.365"/>
</kw>
<status status="PASS" starttime="20231120 20:47:04.363" endtime="20231120 20:47:04.365"/>
</test>
<test id="s1-s1-t2" name="Login With Incorrect Password" line="10">
<kw name="Create User And Input Login Command" type="SETUP">
<kw name="Create User" library="AppLibrary">
<arg>kalle</arg>
<arg>kalle123</arg>
<status status="PASS" starttime="20231120 20:47:04.366" endtime="20231120 20:47:04.366"/>
</kw>
<kw name="Input Login Command" library="resource">
<kw name="Input" library="AppLibrary">
<arg>login</arg>
<status status="PASS" starttime="20231120 20:47:04.366" endtime="20231120 20:47:04.366"/>
</kw>
<status status="PASS" starttime="20231120 20:47:04.366" endtime="20231120 20:47:04.366"/>
</kw>
<status status="PASS" starttime="20231120 20:47:04.366" endtime="20231120 20:47:04.366"/>
</kw>
<kw name="Input Credentials" library="resource">
<arg>kalle</arg>
<arg>kalle1234</arg>
<kw name="Input" library="AppLibrary">
<arg>${username}</arg>
<status status="PASS" starttime="20231120 20:47:04.366" endtime="20231120 20:47:04.367"/>
</kw>
<kw name="Input" library="AppLibrary">
<arg>${password}</arg>
<status status="PASS" starttime="20231120 20:47:04.367" endtime="20231120 20:47:04.367"/>
</kw>
<kw name="Run Application" library="AppLibrary">
<status status="PASS" starttime="20231120 20:47:04.367" endtime="20231120 20:47:04.367"/>
</kw>
<status status="PASS" starttime="20231120 20:47:04.366" endtime="20231120 20:47:04.367"/>
</kw>
<kw name="Output Should Contain" library="AppLibrary">
<arg>Invalid username or password</arg>
<status status="PASS" starttime="20231120 20:47:04.367" endtime="20231120 20:47:04.367"/>
</kw>
<status status="PASS" starttime="20231120 20:47:04.365" endtime="20231120 20:47:04.367"/>
</test>
<test id="s1-s1-t3" name="Login With Nonexistent Username" line="14">
<kw name="Create User And Input Login Command" type="SETUP">
<kw name="Create User" library="AppLibrary">
<arg>kalle</arg>
<arg>kalle123</arg>
<status status="PASS" starttime="20231120 20:47:04.368" endtime="20231120 20:47:04.368"/>
</kw>
<kw name="Input Login Command" library="resource">
<kw name="Input" library="AppLibrary">
<arg>login</arg>
<status status="PASS" starttime="20231120 20:47:04.368" endtime="20231120 20:47:04.368"/>
</kw>
<status status="PASS" starttime="20231120 20:47:04.368" endtime="20231120 20:47:04.368"/>
</kw>
<status status="PASS" starttime="20231120 20:47:04.367" endtime="20231120 20:47:04.368"/>
</kw>
<kw name="Input Credentials" library="resource">
<arg>kalle2</arg>
<arg>kalle123</arg>
<kw name="Input" library="AppLibrary">
<arg>${username}</arg>
<status status="PASS" starttime="20231120 20:47:04.368" endtime="20231120 20:47:04.368"/>
</kw>
<kw name="Input" library="AppLibrary">
<arg>${password}</arg>
<status status="PASS" starttime="20231120 20:47:04.368" endtime="20231120 20:47:04.369"/>
</kw>
<kw name="Run Application" library="AppLibrary">
<status status="PASS" starttime="20231120 20:47:04.369" endtime="20231120 20:47:04.369"/>
</kw>
<status status="PASS" starttime="20231120 20:47:04.368" endtime="20231120 20:47:04.369"/>
</kw>
<kw name="Output Should Contain" library="AppLibrary">
<arg>Invalid username or password</arg>
<status status="PASS" starttime="20231120 20:47:04.369" endtime="20231120 20:47:04.369"/>
</kw>
<status status="PASS" starttime="20231120 20:47:04.367" endtime="20231120 20:47:04.369"/>
</test>
<status status="PASS" starttime="20231120 20:47:04.353" endtime="20231120 20:47:04.369"/>
</suite>
<suite id="s1-s2" name="Register" source="/home/mseppi/palautusrepositorio/viikko3/login-robot/src/tests/register.robot">
<test id="s1-s2-t1" name="Register With Valid Username And Password" line="6">
<kw name="Create User And Input New Command" type="SETUP">
<kw name="Create User" library="AppLibrary">
<arg>kalle</arg>
<arg>kalle123</arg>
<status status="PASS" starttime="20231120 20:47:04.372" endtime="20231120 20:47:04.372"/>
</kw>
<kw name="Input New Command" library="resource">
<kw name="Input" library="AppLibrary">
<arg>new</arg>
<status status="PASS" starttime="20231120 20:47:04.372" endtime="20231120 20:47:04.372"/>
</kw>
<status status="PASS" starttime="20231120 20:47:04.372" endtime="20231120 20:47:04.373"/>
</kw>
<status status="PASS" starttime="20231120 20:47:04.372" endtime="20231120 20:47:04.373"/>
</kw>
<kw name="Input Credentials" library="resource">
<arg>kallemoi</arg>
<arg>kalle123</arg>
<kw name="Input" library="AppLibrary">
<arg>${username}</arg>
<status status="PASS" starttime="20231120 20:47:04.373" endtime="20231120 20:47:04.373"/>
</kw>
<kw name="Input" library="AppLibrary">
<arg>${password}</arg>
<status status="PASS" starttime="20231120 20:47:04.373" endtime="20231120 20:47:04.373"/>
</kw>
<kw name="Run Application" library="AppLibrary">
<status status="PASS" starttime="20231120 20:47:04.373" endtime="20231120 20:47:04.373"/>
</kw>
<status status="PASS" starttime="20231120 20:47:04.373" endtime="20231120 20:47:04.373"/>
</kw>
<kw name="Output Should Contain" library="AppLibrary">
<arg>New user registered</arg>
<status status="PASS" starttime="20231120 20:47:04.373" endtime="20231120 20:47:04.373"/>
</kw>
<status status="PASS" starttime="20231120 20:47:04.372" endtime="20231120 20:47:04.373"/>
</test>
<test id="s1-s2-t2" name="Register With Already Taken Username And Valid Password" line="10">
<kw name="Create User And Input New Command" type="SETUP">
<kw name="Create User" library="AppLibrary">
<arg>kalle</arg>
<arg>kalle123</arg>
<status status="PASS" starttime="20231120 20:47:04.374" endtime="20231120 20:47:04.374"/>
</kw>
<kw name="Input New Command" library="resource">
<kw name="Input" library="AppLibrary">
<arg>new</arg>
<status status="PASS" starttime="20231120 20:47:04.375" endtime="20231120 20:47:04.375"/>
</kw>
<status status="PASS" starttime="20231120 20:47:04.374" endtime="20231120 20:47:04.375"/>
</kw>
<status status="PASS" starttime="20231120 20:47:04.374" endtime="20231120 20:47:04.375"/>
</kw>
<kw name="Input Credentials" library="resource">
<arg>kalle</arg>
<arg>kalle123</arg>
<kw name="Input" library="AppLibrary">
<arg>${username}</arg>
<status status="PASS" starttime="20231120 20:47:04.375" endtime="20231120 20:47:04.375"/>
</kw>
<kw name="Input" library="AppLibrary">
<arg>${password}</arg>
<status status="PASS" starttime="20231120 20:47:04.375" endtime="20231120 20:47:04.375"/>
</kw>
<kw name="Run Application" library="AppLibrary">
<status status="PASS" starttime="20231120 20:47:04.375" endtime="20231120 20:47:04.375"/>
</kw>
<status status="PASS" starttime="20231120 20:47:04.375" endtime="20231120 20:47:04.376"/>
</kw>
<kw name="Output Should Contain" library="AppLibrary">
<arg>User with username kalle already exists</arg>
<status status="PASS" starttime="20231120 20:47:04.376" endtime="20231120 20:47:04.376"/>
</kw>
<status status="PASS" starttime="20231120 20:47:04.374" endtime="20231120 20:47:04.376"/>
</test>
<test id="s1-s2-t3" name="Register With Too Short Username And Valid Password" line="14">
<kw name="Create User And Input New Command" type="SETUP">
<kw name="Create User" library="AppLibrary">
<arg>kalle</arg>
<arg>kalle123</arg>
<status status="PASS" starttime="20231120 20:47:04.376" endtime="20231120 20:47:04.376"/>
</kw>
<kw name="Input New Command" library="resource">
<kw name="Input" library="AppLibrary">
<arg>new</arg>
<status status="PASS" starttime="20231120 20:47:04.377" endtime="20231120 20:47:04.377"/>
</kw>
<status status="PASS" starttime="20231120 20:47:04.376" endtime="20231120 20:47:04.377"/>
</kw>
<status status="PASS" starttime="20231120 20:47:04.376" endtime="20231120 20:47:04.377"/>
</kw>
<kw name="Input Credentials" library="resource">
<arg>ka</arg>
<arg>kalle123</arg>
<kw name="Input" library="AppLibrary">
<arg>${username}</arg>
<status status="PASS" starttime="20231120 20:47:04.377" endtime="20231120 20:47:04.377"/>
</kw>
<kw name="Input" library="AppLibrary">
<arg>${password}</arg>
<status status="PASS" starttime="20231120 20:47:04.377" endtime="20231120 20:47:04.377"/>
</kw>
<kw name="Run Application" library="AppLibrary">
<status status="PASS" starttime="20231120 20:47:04.377" endtime="20231120 20:47:04.377"/>
</kw>
<status status="PASS" starttime="20231120 20:47:04.377" endtime="20231120 20:47:04.377"/>
</kw>
<kw name="Output Should Contain" library="AppLibrary">
<arg>Username must be at least 3 characters long</arg>
<status status="PASS" starttime="20231120 20:47:04.377" endtime="20231120 20:47:04.377"/>
</kw>
<status status="PASS" starttime="20231120 20:47:04.376" endtime="20231120 20:47:04.377"/>
</test>
<test id="s1-s2-t4" name="Register With Enough Long But Invalid Username And Valid Password" line="18">
<kw name="Create User And Input New Command" type="SETUP">
<kw name="Create User" library="AppLibrary">
<arg>kalle</arg>
<arg>kalle123</arg>
<status status="PASS" starttime="20231120 20:47:04.378" endtime="20231120 20:47:04.378"/>
</kw>
<kw name="Input New Command" library="resource">
<kw name="Input" library="AppLibrary">
<arg>new</arg>
<status status="PASS" starttime="20231120 20:47:04.378" endtime="20231120 20:47:04.378"/>
</kw>
<status status="PASS" starttime="20231120 20:47:04.378" endtime="20231120 20:47:04.378"/>
</kw>
<status status="PASS" starttime="20231120 20:47:04.378" endtime="20231120 20:47:04.378"/>
</kw>
<kw name="Input Credentials" library="resource">
<arg>kalle123</arg>
<arg>kalle123</arg>
<kw name="Input" library="AppLibrary">
<arg>${username}</arg>
<status status="PASS" starttime="20231120 20:47:04.379" endtime="20231120 20:47:04.379"/>
</kw>
<kw name="Input" library="AppLibrary">
<arg>${password}</arg>
<status status="PASS" starttime="20231120 20:47:04.379" endtime="20231120 20:47:04.379"/>
</kw>
<kw name="Run Application" library="AppLibrary">
<status status="PASS" starttime="20231120 20:47:04.379" endtime="20231120 20:47:04.379"/>
</kw>
<status status="PASS" starttime="20231120 20:47:04.378" endtime="20231120 20:47:04.379"/>
</kw>
<kw name="Output Should Contain" library="AppLibrary">
<arg>Username can only contain letters a-z</arg>
<status status="PASS" starttime="20231120 20:47:04.379" endtime="20231120 20:47:04.379"/>
</kw>
<status status="PASS" starttime="20231120 20:47:04.378" endtime="20231120 20:47:04.379"/>
</test>
<test id="s1-s2-t5" name="Register With Valid Username And Too Short Password" line="22">
<kw name="Create User And Input New Command" type="SETUP">
<kw name="Create User" library="AppLibrary">
<arg>kalle</arg>
<arg>kalle123</arg>
<status status="PASS" starttime="20231120 20:47:04.380" endtime="20231120 20:47:04.381"/>
</kw>
<kw name="Input New Command" library="resource">
<kw name="Input" library="AppLibrary">
<arg>new</arg>
<status status="PASS" starttime="20231120 20:47:04.381" endtime="20231120 20:47:04.381"/>
</kw>
<status status="PASS" starttime="20231120 20:47:04.381" endtime="20231120 20:47:04.381"/>
</kw>
<status status="PASS" starttime="20231120 20:47:04.380" endtime="20231120 20:47:04.381"/>
</kw>
<kw name="Input Credentials" library="resource">
<arg>kallek</arg>
<arg>ka12</arg>
<kw name="Input" library="AppLibrary">
<arg>${username}</arg>
<status status="PASS" starttime="20231120 20:47:04.382" endtime="20231120 20:47:04.382"/>
</kw>
<kw name="Input" library="AppLibrary">
<arg>${password}</arg>
<status status="PASS" starttime="20231120 20:47:04.382" endtime="20231120 20:47:04.382"/>
</kw>
<kw name="Run Application" library="AppLibrary">
<status status="PASS" starttime="20231120 20:47:04.382" endtime="20231120 20:47:04.383"/>
</kw>
<status status="PASS" starttime="20231120 20:47:04.381" endtime="20231120 20:47:04.383"/>
</kw>
<kw name="Output Should Contain" library="AppLibrary">
<arg>Password must be at least 8 characters long</arg>
<status status="PASS" starttime="20231120 20:47:04.383" endtime="20231120 20:47:04.383"/>
</kw>
<status status="PASS" starttime="20231120 20:47:04.379" endtime="20231120 20:47:04.383"/>
</test>
<test id="s1-s2-t6" name="Register With Valid Username And Long Enough Password Containing Only Letters" line="26">
<kw name="Create User And Input New Command" type="SETUP">
<kw name="Create User" library="AppLibrary">
<arg>kalle</arg>
<arg>kalle123</arg>
<status status="PASS" starttime="20231120 20:47:04.384" endtime="20231120 20:47:04.384"/>
</kw>
<kw name="Input New Command" library="resource">
<kw name="Input" library="AppLibrary">
<arg>new</arg>
<status status="PASS" starttime="20231120 20:47:04.384" endtime="20231120 20:47:04.384"/>
</kw>
<status status="PASS" starttime="20231120 20:47:04.384" endtime="20231120 20:47:04.384"/>
</kw>
<status status="PASS" starttime="20231120 20:47:04.383" endtime="20231120 20:47:04.384"/>
</kw>
<kw name="Input Credentials" library="resource">
<arg>kallek</arg>
<arg>kallekalle</arg>
<kw name="Input" library="AppLibrary">
<arg>${username}</arg>
<status status="PASS" starttime="20231120 20:47:04.384" endtime="20231120 20:47:04.384"/>
</kw>
<kw name="Input" library="AppLibrary">
<arg>${password}</arg>
<status status="PASS" starttime="20231120 20:47:04.384" endtime="20231120 20:47:04.385"/>
</kw>
<kw name="Run Application" library="AppLibrary">
<status status="PASS" starttime="20231120 20:47:04.385" endtime="20231120 20:47:04.385"/>
</kw>
<status status="PASS" starttime="20231120 20:47:04.384" endtime="20231120 20:47:04.385"/>
</kw>
<kw name="Output Should Contain" library="AppLibrary">
<arg>Password can't contain only letters</arg>
<status status="PASS" starttime="20231120 20:47:04.385" endtime="20231120 20:47:04.385"/>
</kw>
<status status="PASS" starttime="20231120 20:47:04.383" endtime="20231120 20:47:04.385"/>
</test>
<status status="PASS" starttime="20231120 20:47:04.370" endtime="20231120 20:47:04.385"/>
</suite>
<status status="PASS" starttime="20231120 20:47:04.335" endtime="20231120 20:47:04.386"/>
</suite>
<statistics>
<total>
<stat pass="9" fail="0" skip="0">All Tests</stat>
</total>
<tag>
</tag>
<suite>
<stat pass="9" fail="0" skip="0" id="s1" name="Tests">Tests</stat>
<stat pass="3" fail="0" skip="0" id="s1-s1" name="Login">Tests.Login</stat>
<stat pass="6" fail="0" skip="0" id="s1-s2" name="Register">Tests.Register</stat>
</suite>
</statistics>
<errors>
</errors>
</robot>
